0 info it worked if it ends with ok
1 verbose cli [ 'C:\\Program Files\\nodejs\\node.exe',
1 verbose cli   'C:\\Users\\jadamsk8\\AppData\\Roaming\\npm\\node_modules\\npm\\bin\\npm-cli.js',
1 verbose cli   'run',
1 verbose cli   'deploy' ]
2 info using npm@4.0.3
3 info using node@v6.9.1
4 verbose run-script [ 'predeploy', 'deploy', 'postdeploy' ]
5 info lifecycle katas-roman-numeral@1.0.0~predeploy: katas-roman-numeral@1.0.0
6 silly lifecycle katas-roman-numeral@1.0.0~predeploy: no script for predeploy, continuing
7 info lifecycle katas-roman-numeral@1.0.0~deploy: katas-roman-numeral@1.0.0
8 verbose lifecycle katas-roman-numeral@1.0.0~deploy: unsafe-perm in lifecycle true
9 verbose lifecycle katas-roman-numeral@1.0.0~deploy: PATH: C:\Users\jadamsk8\AppData\Roaming\npm\node_modules\npm\bin\node-gyp-bin;C:\projects\experiments\katas-roman-numeral\node_modules\.bin;C:\Program Files\ConEmu\ConEmu\Scripts;C:\Program Files\ConEmu;C:\Program Files\ConEmu\ConEmu;C:\ProgramData\Oracle\Java\javapath;C:\Program Files (x86)\RSA SecurID Token Common;C:\WINDOWS\system32;C:\WINDOWS;C:\WINDOWS\System32\Wbem;C:\WINDOWS\System32\WindowsPowerShell\v1.0\;C:\Program Files\7-Zip;C:\Program Files (x86)\AccuRev\bin;C:\Program Files (x86)\Microsoft SQL Server\100\Tools\Binn\VSShell\Common7\IDE\;C:\Program Files (x86)\Microsoft SQL Server\100\Tools\Binn\;C:\Program Files\Microsoft SQL Server\100\Tools\Binn\;C:\Program Files (x86)\Microsoft Visual Studio 9.0\Common7\IDE\PrivateAssemblies\;C:\Program Files (x86)\Microsoft SQL Server\100\DTS\Binn\;C:\Program Files\Microsoft SQL Server\100\DTS\Binn\;C:\Users\jadamsk8\AppData\Local\Programs\Git\cmd;C:\Program Files (x86)\Gow\bin;c:\Program Files (x86)\Microsoft SQL Server\110\Tools\Binn\;c:\Program Files\Microsoft SQL Server\110\Tools\Binn\;c:\Program Files\Microsoft SQL Server\110\DTS\Binn\;C:\Program Files\Adobe\Adobe PDF iFilter 11 for 64-bit platforms\bin\;C:\Program Files (x86)\WebEx\Productivity Tools;C:\Program Files\nodejs\;C:\Program Files (x86)\Yarn\bin;C:\projects\PDOR2_TEAM_B-Pricing-NA\tools\maven-3.1.0\bin;C:\Users\jadamsk8\AppData\Local\Programs\Python\Python35-32\Scripts\;C:\Users\jadamsk8\AppData\Local\Programs\Python\Python35-32\;C:\Ruby23-x64\bin;C:\Program Files\Internet Explorer;C:\Program Files (x86)\RSA SecurID Token Common;C:\windows\system32;C:\windows;C:\windows\System32\Wbem;C:\windows\System32\WindowsPowerShell\v1.0\;C:\Program Files\7-Zip;C:\Program Files\Adobe\Adobe PDF iFilter 11 for 64-bit platforms\bin\;C:\Program Files\Intel\WiFi\bin\;C:\Program Files\Common Files\Intel\WirelessCommon\;C:\Program Files (x86)\WebEx\Productivity Tools;C:\Program Files (x86)\AccuRev\bin;C:\Program Files (x86)\Microsoft SQL Server\100\Tools\Binn\VSShell\Common7\IDE\;C:\Program Files (x86)\Microsoft SQL Server\100\Tools\Binn\;C:\Program Files\Microsoft SQL Server\100\Tools\Binn\;C:\Program Files (x86)\Microsoft Visual Studio 9.0\Common7\IDE\PrivateAssemblies\;C:\Program Files (x86)\Microsoft SQL Server\100\DTS\Binn\;C:\Program Files\Microsoft SQL Server\100\DTS\Binn\;C:\maven\bin;C:\python3.3;C:\ruby-2.3.0\bin;C:\Users\jadamsk8\AppData\Local\Programs\Git\cmd2222;C:\Python27;C:\phantomjs\bin;C:\Users\jadamsk8\AppData\Roaming\npm;C:\Program Files\MongoDB\Server\3.4\bin;C:\Users\jadamsk8\AppData\Local\Yarn\bin
10 verbose lifecycle katas-roman-numeral@1.0.0~deploy: CWD: C:\projects\experiments\katas-roman-numeral
11 silly lifecycle katas-roman-numeral@1.0.0~deploy: Args: [ '/d /s /c', 'npm run build && node scripts/deploy.js' ]
12 silly lifecycle katas-roman-numeral@1.0.0~deploy: Returned: code: 1  signal: null
13 info lifecycle katas-roman-numeral@1.0.0~deploy: Failed to exec deploy script
14 verbose stack Error: katas-roman-numeral@1.0.0 deploy: `npm run build && node scripts/deploy.js`
14 verbose stack Exit status 1
14 verbose stack     at EventEmitter.<anonymous> (C:\Users\jadamsk8\AppData\Roaming\npm\node_modules\npm\lib\utils\lifecycle.js:279:16)
14 verbose stack     at emitTwo (events.js:106:13)
14 verbose stack     at EventEmitter.emit (events.js:191:7)
14 verbose stack     at ChildProcess.<anonymous> (C:\Users\jadamsk8\AppData\Roaming\npm\node_modules\npm\lib\utils\spawn.js:40:14)
14 verbose stack     at emitTwo (events.js:106:13)
14 verbose stack     at ChildProcess.emit (events.js:191:7)
14 verbose stack     at maybeClose (internal/child_process.js:877:16)
14 verbose stack     at Process.ChildProcess._handle.onexit (internal/child_process.js:226:5)
15 verbose pkgid katas-roman-numeral@1.0.0
16 verbose cwd C:\projects\experiments\katas-roman-numeral
17 error Windows_NT 10.0.10240
18 error argv "C:\\Program Files\\nodejs\\node.exe" "C:\\Users\\jadamsk8\\AppData\\Roaming\\npm\\node_modules\\npm\\bin\\npm-cli.js" "run" "deploy"
19 error node v6.9.1
20 error npm  v4.0.3
21 error code ELIFECYCLE
22 error katas-roman-numeral@1.0.0 deploy: `npm run build && node scripts/deploy.js`
22 error Exit status 1
23 error Failed at the katas-roman-numeral@1.0.0 deploy script 'npm run build && node scripts/deploy.js'.
23 error Make sure you have the latest version of node.js and npm installed.
23 error If you do, this is most likely a problem with the katas-roman-numeral package,
23 error not with npm itself.
23 error Tell the author that this fails on your system:
23 error     npm run build && node scripts/deploy.js
23 error You can get information on how to open an issue for this project with:
23 error     npm bugs katas-roman-numeral
23 error Or if that isn't available, you can get their info via:
23 error     npm owner ls katas-roman-numeral
23 error There is likely additional logging output above.
24 verbose exit [ 1, true ]
